app/build/intermediates/manifest_merge_blame_file/debug/manifest-merger-blame-debug-report.txt
1<?xml version="1.0" encoding="utf-8"?>
2<!--
3  Copyright (C) 2019 The Android Open Source Project
4
5  Licensed under the Apache License, Version 2.0 (the "License");
6  you may not use this file except in compliance with the License.
7  You may obtain a copy of the License at
8
9       http://www.apache.org/licenses/LICENSE-2.0
10
11  Unless required by applicable law or agreed to in writing, software
12  distributed under the License is distributed on an "AS IS" BASIS,
13  WITHOUT WARRANTIES OR CONDITIONS OF ANY KIND, either express or implied.
14  See the License for the specific language governing permissions and
15  limitations under the License.
16-->
17<manifest xmlns:android="http://schemas.android.com/apk/res/android"
18    package="com.example.android.people"
19    android:versionCode="1"
20    android:versionName="1.0" >
21
22    <uses-sdk
23        android:minSdkVersion="30"
23-->src/main/AndroidManifest.xml
24        android:targetSdkVersion="31" />
24-->src/main/AndroidManifest.xml
25
26    <application
26-->src/main/AndroidManifest.xml:21:5-115:19
27        android:allowBackup="false"
27-->src/main/AndroidManifest.xml:22:9-36
28        android:appComponentFactory="androidx.core.app.CoreComponentFactory"
28-->[androidx.core:core:1.7.0] AndroidManifest.xml:24:18-86
29        android:debuggable="true"
30        android:extractNativeLibs="false"
31        android:icon="@mipmap/ic_launcher"
31-->src/main/AndroidManifest.xml:23:9-43
32        android:label="@string/app_name"
32-->src/main/AndroidManifest.xml:24:9-41
33        android:roundIcon="@mipmap/ic_launcher_round"
33-->src/main/AndroidManifest.xml:25:9-54
34        android:supportsRtl="true"
34-->src/main/AndroidManifest.xml:26:9-35
35        android:testOnly="true"
36        android:theme="@style/Theme.People" >
36-->src/main/AndroidManifest.xml:27:9-44
37
38<!--             Our main entry point. -->
39        <activity
39-->src/main/AndroidManifest.xml:33:9-68:20
40            android:name="com.example.android.people.MainActivity"
40-->src/main/AndroidManifest.xml:34:13-67
41            android:exported="true"
41-->src/main/AndroidManifest.xml:35:13-36
42            android:launchMode="singleTop" >
42-->src/main/AndroidManifest.xml:36:13-43
43
44<!--                 This activity is the one that's shown on the launcher. -->
45            <intent-filter>
45-->src/main/AndroidManifest.xml:40:13-43:29
46                <action android:name="android.intent.action.MAIN" />
46-->src/main/AndroidManifest.xml:41:17-69
46-->src/main/AndroidManifest.xml:41:25-66
47
48                <category android:name="android.intent.category.LAUNCHER" />
48-->src/main/AndroidManifest.xml:42:17-77
48-->src/main/AndroidManifest.xml:42:27-74
49            </intent-filter>
50            <!--
51                This is used as the content URI of notifications. It navigates directly to the
52                specified chat screen.
53            -->
54            <intent-filter>
54-->src/main/AndroidManifest.xml:48:13-55:29
55                <action android:name="android.intent.action.VIEW" />
55-->src/main/AndroidManifest.xml:49:17-69
55-->src/main/AndroidManifest.xml:49:25-66
56
57                <category android:name="android.intent.category.BROWSABLE" />
57-->src/main/AndroidManifest.xml:50:17-78
57-->src/main/AndroidManifest.xml:50:27-75
58
59                <data
59-->src/main/AndroidManifest.xml:51:17-54:46
60                    android:host="android.example.com"
60-->src/main/AndroidManifest.xml:52:21-55
61                    android:pathPattern="/chat/*"
61-->src/main/AndroidManifest.xml:53:21-50
62                    android:scheme="https" />
62-->src/main/AndroidManifest.xml:54:21-43
63            </intent-filter>
64            <!--
65                This opens the chat screen with the message field filled with the passed text.
66                This is necessary for making our dynamic shortcuts appear in Direct Share.
67            -->
68            <intent-filter>
68-->src/main/AndroidManifest.xml:60:13-64:29
69                <action android:name="android.intent.action.SEND" />
69-->src/main/AndroidManifest.xml:61:17-69
69-->src/main/AndroidManifest.xml:61:25-66
70
71                <category android:name="android.intent.category.DEFAULT" />
71-->src/main/AndroidManifest.xml:62:17-76
71-->src/main/AndroidManifest.xml:62:27-73
72
73                <data android:mimeType="text/plain" />
73-->src/main/AndroidManifest.xml:51:17-54:46
73-->src/main/AndroidManifest.xml:63:23-52
74            </intent-filter>
75
76            <meta-data
76-->src/main/AndroidManifest.xml:65:13-67:53
77                android:name="android.app.shortcuts"
77-->src/main/AndroidManifest.xml:66:17-53
78                android:resource="@xml/shortcuts" />
78-->src/main/AndroidManifest.xml:67:17-50
79        </activity>
80
81        <!--
82            The fake voice-call screen.
83            This Activity can be launched from inside an expanded Bubble. Since this Activity is
84            launched as a new task, it is opened as a full Activity, rather than stacked inside
85            the expanded Bubble.
86        -->
87        <activity
87-->src/main/AndroidManifest.xml:76:9-80:57
88            android:name="com.example.android.people.VoiceCallActivity"
88-->src/main/AndroidManifest.xml:77:13-72
89            android:exported="true"
89-->src/main/AndroidManifest.xml:78:13-36
90            android:launchMode="singleInstance"
90-->src/main/AndroidManifest.xml:79:13-48
91            android:theme="@style/Theme.People.Voice" />
91-->src/main/AndroidManifest.xml:80:13-54
92
93        <!--
94            This Activity is the expanded Bubble. For that, this Activity has to have several
95            attributes.
96            - allowEmbedded="true": The expanded Bubble is embedded in the System UI.
97            - resizeableActivity="true": The expanded Bubble is resized by the System UI.
98            - documentLaunchMode="always": We show multiple bubbles in this sample. There will be
99                                           multiple instances of this Activity.
100        -->
101        <activity
101-->src/main/AndroidManifest.xml:90:9-104:20
102            android:name="com.example.android.people.BubbleActivity"
102-->src/main/AndroidManifest.xml:91:13-69
103            android:allowEmbedded="true"
103-->src/main/AndroidManifest.xml:92:13-41
104            android:documentLaunchMode="always"
104-->src/main/AndroidManifest.xml:93:13-48
105            android:exported="true"
105-->src/main/AndroidManifest.xml:94:13-36
106            android:resizeableActivity="true" >
106-->src/main/AndroidManifest.xml:95:13-46
107            <intent-filter>
107-->src/main/AndroidManifest.xml:48:13-55:29
108                <action android:name="android.intent.action.VIEW" />
108-->src/main/AndroidManifest.xml:49:17-69
108-->src/main/AndroidManifest.xml:49:25-66
109
110                <category android:name="android.intent.category.BROWSABLE" />
110-->src/main/AndroidManifest.xml:50:17-78
110-->src/main/AndroidManifest.xml:50:27-75
111
112                <data
112-->src/main/AndroidManifest.xml:51:17-54:46
113                    android:host="android.example.com"
113-->src/main/AndroidManifest.xml:52:21-55
114                    android:pathPattern="/chat/*"
114-->src/main/AndroidManifest.xml:53:21-50
115                    android:scheme="https" />
115-->src/main/AndroidManifest.xml:54:21-43
116            </intent-filter>
117        </activity>
118
119        <receiver android:name="com.example.android.people.ReplyReceiver" />
119-->src/main/AndroidManifest.xml:106:9-107:71
119-->src/main/AndroidManifest.xml:107:13-68
120
121        <provider
121-->src/main/AndroidManifest.xml:109:9-113:54
122            android:name="com.example.android.people.AssetFileProvider"
122-->src/main/AndroidManifest.xml:110:13-72
123            android:authorities="com.example.android.people"
123-->src/main/AndroidManifest.xml:111:13-61
124            android:exported="true" />
124-->src/main/AndroidManifest.xml:112:13-36
125        <provider
125-->[androidx.emoji2:emoji2:1.0.0] AndroidManifest.xml:26:9-34:20
126            android:name="androidx.startup.InitializationProvider"
126-->[androidx.emoji2:emoji2:1.0.0] AndroidManifest.xml:27:13-67
127            android:authorities="com.example.android.people.androidx-startup"
127-->[androidx.emoji2:emoji2:1.0.0] AndroidManifest.xml:28:13-68
128            android:exported="false" >
128-->[androidx.emoji2:emoji2:1.0.0] AndroidManifest.xml:29:13-37
129            <meta-data
129-->[androidx.emoji2:emoji2:1.0.0] AndroidManifest.xml:31:13-33:52
130                android:name="androidx.emoji2.text.EmojiCompatInitializer"
130-->[androidx.emoji2:emoji2:1.0.0] AndroidManifest.xml:32:17-75
131                android:value="androidx.startup" />
131-->[androidx.emoji2:emoji2:1.0.0] AndroidManifest.xml:33:17-49
132            <meta-data
132-->[androidx.lifecycle:lifecycle-process:2.4.0] AndroidManifest.xml:31:13-33:52
133                android:name="androidx.lifecycle.ProcessLifecycleInitializer"
133-->[androidx.lifecycle:lifecycle-process:2.4.0] AndroidManifest.xml:32:17-78
134                android:value="androidx.startup" />
134-->[androidx.lifecycle:lifecycle-process:2.4.0] AndroidManifest.xml:33:17-49
135        </provider>
136    </application>
137
138</manifest>